<?xml version="1.0" encoding="UTF-8"?>
<testng-results ignored="0" total="1" passed="1" failed="0" skipped="0">
  <reporter-output>
  </reporter-output>
  <suite started-at="2023-05-03T06:38:33 IST" name="Suite" finished-at="2023-05-03T06:38:49 IST" duration-ms="16661">
    <groups>
    </groups>
    <test started-at="2023-05-03T06:38:33 IST" name="Test" finished-at="2023-05-03T06:38:49 IST" duration-ms="16661">
      <class name="demo1.day_9_4">
        <test-method is-config="true" signature="beforeMethod(java.lang.String)[pri:0, instance:demo1.day_9_4@f6efaab]" started-at="2023-05-03T06:38:33 IST" name="beforeMethod" finished-at="2023-05-03T06:38:41 IST" duration-ms="8415" status="PASS">
          <params>
            <param index="0">
              <value>
                <![CDATA[chrome]]>
              </value>
            </param>
          </params>
          <reporter-output>
          </reporter-output>
        </test-method> <!-- beforeMethod -->
        <test-method signature="f()[pri:0, instance:demo1.day_9_4@f6efaab]" started-at="2023-05-03T06:38:41 IST" name="f" finished-at="2023-05-03T06:38:49 IST" duration-ms="7765" status="PASS">
          <reporter-output>
          </reporter-output>
        </test-method> <!-- f -->
        <test-method is-config="true" signature="afterMethod()[pri:0, instance:demo1.day_9_4@f6efaab]" started-at="2023-05-03T06:38:49 IST" name="afterMethod" finished-at="2023-05-03T06:38:49 IST" duration-ms="424" status="PASS">
          <reporter-output>
          </reporter-output>
        </test-method> <!-- afterMethod -->
      </class> <!-- demo1.day_9_4 -->
    </test> <!-- Test -->
  </suite> <!-- Suite -->
</testng-results>
